<?xml version="1.0" encoding="UTF-8"?>
<!-- Generated by org.testng.reporters.JUnitXMLReporter -->
<testsuite ignored="0" hostname="LTIN186662" failures="0" tests="28" name="Test" time="94.158" errors="0" timestamp="2024-02-29T12:58:06 IST">
  <testcase classname="testNG.traveltestNG" name="user_is_present_on_policybazaar_com" time="2.562"/>
  <testcase classname="testNG.traveltestNG" name="user_clicks_on_travel_insurance_option_from_all_the_options_available_on_the_main_page" time="3.083"/>
  <testcase classname="testNG.traveltestNG" name="user_enters_the_country" time="7.599"/>
  <testcase classname="testNG.traveltestNG" name="user_selects_the_start_date_and_end_date_of_the_trip" time="6.442"/>
  <testcase classname="testNG.traveltestNG" name="user_enters_the_number_of_students_traveling_along_with_their_age" time="7.213"/>
  <testcase classname="testNG.traveltestNG" name="user_enters_pre_existing_medical_condition_if_any" time="2.177"/>
  <testcase classname="testNG.traveltestNG" name="user_enters_mobile_number_and_clicks_on_submit_button" time="3.637"/>
  <testcase classname="testNG.traveltestNG" name="user_is_navigated_to_results_page" time="2.872"/>
  <testcase classname="testNG.travel_resultTestNG" name="user_selects_student_plan_from_the_filter_options" time="2.354"/>
  <testcase classname="testNG.travel_resultTestNG" name="student_travel_information_slider_page_is_opened" time="0.001"/>
  <testcase classname="testNG.travel_resultTestNG" name="user_selects_the_student_visa_for_both_the_student_travellers" time="0.889"/>
  <testcase classname="testNG.travel_resultTestNG" name="user_enters_the_duration_of_the_trip_and_clicks_on_apply_changes" time="0.76"/>
  <testcase classname="testNG.travel_resultTestNG" name="user_selects_premium_low_to_high_filter_from_sort_by_dropdown" time="5.584"/>
  <testcase classname="testNG.travel_resultTestNG" name="insurance_plans_are_displayed_and_top3_cheapest_plan_names_along_with_their_is_captured" time="0.989"/>
  <testcase classname="testNG.travel_resultTestNG" name="user_is_navigated_to_main_page" time="3.012"/>
  <testcase classname="testNG.cartestNG" name="intial" time="0.009"/>
  <testcase classname="testNG.cartestNG" name="user_clicks_on_car_insurance_option_from_all_the_options_available_on_the_main_page" time="1.477"/>
  <testcase classname="testNG.cartestNG" name="user_clicks_on_buying_a_new_car_option" time="6.097"/>
  <testcase classname="testNG.cartestNG" name="user_selects_the_city_and_car_number" time="1.097"/>
  <testcase classname="testNG.cartestNG" name="user_selects_the_car_brand" time="0.934"/>
  <testcase classname="testNG.cartestNG" name="user_selects_the_car_model_type_and_other_features" time="1.77"/>
  <testcase classname="testNG.cartestNG" name="user_fills_the_personal_details_with_invalid_email" time="1.945"/>
  <testcase classname="testNG.cartestNG" name="invalid_email_error_is_shown" time="0.045"/>
  <testcase classname="testNG.cartestNG" name="user_is_navigated_to_main_policybazaar_page" time="2.039"/>
  <testcase classname="testNG.healthtestNG" name="intial" time="0.002"/>
  <testcase classname="testNG.healthtestNG" name="user_hovers_over_the_insurance_plans_on_main_page" time="3.116"/>
  <testcase classname="testNG.healthtestNG" name="finds_health_insurance_option_from_the_list" time="0.377"/>
  <testcase classname="testNG.healthtestNG" name="all_the_options_under_health_insurance_are_displayed" time="1.407"/>
</testsuite> <!-- Test -->
