<?xml version="1.0" encoding="UTF-8"?>
<testsuite xmlns:xsi="http://www.w3.org/2001/XMLSchema-instance" xsi:noNamespaceSchemaLocation="https://maven.apache.org/surefire/maven-surefire-plugin/xsd/surefire-test-report-3.0.xsd" version="3.0" name="TestSuite" time="79.599" tests="3" errors="0" skipped="0" failures="2">
  <properties>
[...]
</properties>
  <testcase name="runScenario[&quot;Travel Insurance&quot;, &quot;PolicyBazaar.com&quot;](1)" classname="stepRunner.stepRun" time="39.003">
    <failure message="element click intercepted: Element &lt;input id=&quot;Traveller_1&quot; type=&quot;checkbox&quot; name=&quot;AMT&quot; value=&quot;22&quot;&gt; is not clickable at point (1046, 183). Other element would receive the click: &lt;label for=&quot;Traveller_1&quot;&gt;...&lt;/label&gt;&#10;  (Session info: chrome=113.0.5672.93)&#10;Build info: version: &apos;4.15.0&apos;, revision: &apos;1d14b5521b&apos;&#10;System info: os.name: &apos;Windows 11&apos;, os.arch: &apos;amd64&apos;, os.version: &apos;10.0&apos;, java.version: &apos;17.0.2&apos;&#10;Driver info: org.openqa.selenium.chrome.ChromeDriver&#10;Command: [916b9f4a97e489ca469815be5980f28a, clickElement {id=7A2819631A5E28EBDFDD4C505F9ABD65_element_823}]&#10;Capabilities {acceptInsecureCerts: false, browserName: chrome, browserVersion: 113.0.5672.93, chrome: {chromedriverVersion: 113.0.5672.63 (0e1a4471d5ae..., userDataDir: C:\Program Files (x86)\scop...}, goog:chromeOptions: {debuggerAddress: localhost:54593}, networkConnectionEnabled: false, pageLoadStrategy: normal, platformName: windows, proxy: Proxy(), se:cdp: ws://localhost:54593/devtoo..., se:cdpVersion: 113.0.5672.93, setWindowRect: true, strictFileInteractability: false, timeouts: {implicit: 0, pageLoad: 300000, script: 30000}, unhandledPromptBehavior: dismiss and notify, webauthn:extension:credBlob: true, webauthn:extension:largeBlob: true, webauthn:extension:minPinLength: true, webauthn:extension:prf: true, webauthn:virtualAuthenticators: true}&#10;Element: [[ChromeDriver: chrome on windows (916b9f4a97e489ca469815be5980f28a)] -&gt; xpath: //input[@id=&apos;Traveller_1&apos;]]&#10;Session ID: 916b9f4a97e489ca469815be5980f28a" type="org.openqa.selenium.ElementClickInterceptedException"><![CDATA[org.openqa.selenium.ElementClickInterceptedException: 
element click intercepted: Element <input id="Traveller_1" type="checkbox" name="AMT" value="22"> is not clickable at point (1046, 183). Other element would receive the click: <label for="Traveller_1">...</label>
  (Session info: chrome=113.0.5672.93)
Build info: version: '4.15.0', revision: '1d14b5521b'
System info: os.name: 'Windows 11', os.arch: 'amd64', os.version: '10.0', java.version: '17.0.2'
Driver info: org.openqa.selenium.chrome.ChromeDriver
Command: [916b9f4a97e489ca469815be5980f28a, clickElement {id=7A2819631A5E28EBDFDD4C505F9ABD65_element_823}]
Capabilities {acceptInsecureCerts: false, browserName: chrome, browserVersion: 113.0.5672.93, chrome: {chromedriverVersion: 113.0.5672.63 (0e1a4471d5ae..., userDataDir: C:\Program Files (x86)\scop...}, goog:chromeOptions: {debuggerAddress: localhost:54593}, networkConnectionEnabled: false, pageLoadStrategy: normal, platformName: windows, proxy: Proxy(), se:cdp: ws://localhost:54593/devtoo..., se:cdpVersion: 113.0.5672.93, setWindowRect: true, strictFileInteractability: false, timeouts: {implicit: 0, pageLoad: 300000, script: 30000}, unhandledPromptBehavior: dismiss and notify, webauthn:extension:credBlob: true, webauthn:extension:largeBlob: true, webauthn:extension:minPinLength: true, webauthn:extension:prf: true, webauthn:virtualAuthenticators: true}
Element: [[ChromeDriver: chrome on windows (916b9f4a97e489ca469815be5980f28a)] -> xpath: //input[@id='Traveller_1']]
Session ID: 916b9f4a97e489ca469815be5980f28a
	at java.base/jdk.internal.reflect.NativeConstructorAccessorImpl.newInstance0(Native Method)
	at java.base/jdk.internal.reflect.NativeConstructorAccessorImpl.newInstance(NativeConstructorAccessorImpl.java:77)
	at java.base/jdk.internal.reflect.DelegatingConstructorAccessorImpl.newInstance(DelegatingConstructorAccessorImpl.java:45)
	at java.base/java.lang.reflect.Constructor.newInstanceWithCaller(Constructor.java:499)
	at java.base/java.lang.reflect.Constructor.newInstance(Constructor.java:480)
	at org.openqa.selenium.remote.codec.w3c.W3CHttpResponseCodec.createException(W3CHttpResponseCodec.java:200)
	at org.openqa.selenium.remote.codec.w3c.W3CHttpResponseCodec.decode(W3CHttpResponseCodec.java:133)
	at org.openqa.selenium.remote.codec.w3c.W3CHttpResponseCodec.decode(W3CHttpResponseCodec.java:52)
	at org.openqa.selenium.remote.HttpCommandExecutor.execute(HttpCommandExecutor.java:191)
	at org.openqa.selenium.remote.service.DriverCommandExecutor.invokeExecute(DriverCommandExecutor.java:200)
	at org.openqa.selenium.remote.service.DriverCommandExecutor.execute(DriverCommandExecutor.java:175)
	at org.openqa.selenium.remote.RemoteWebDriver.execute(RemoteWebDriver.java:607)
	at org.openqa.selenium.remote.RemoteWebElement.execute(RemoteWebElement.java:224)
	at org.openqa.selenium.remote.RemoteWebElement.click(RemoteWebElement.java:77)
	at java.base/jdk.internal.reflect.NativeMethodAccessorImpl.invoke0(Native Method)
	at java.base/jdk.internal.reflect.NativeMethodAccessorImpl.invoke(NativeMethodAccessorImpl.java:77)
	at java.base/jdk.internal.reflect.DelegatingMethodAccessorImpl.invoke(DelegatingMethodAccessorImpl.java:43)
	at java.base/java.lang.reflect.Method.invoke(Method.java:568)
	at org.openqa.selenium.support.pagefactory.internal.LocatingElementHandler.invoke(LocatingElementHandler.java:51)
	at jdk.proxy2/jdk.proxy2.$Proxy59.click(Unknown Source)
	at pageObject.travelInsurance_result.visaOption(travelInsurance_result.java:95)
	at stepDefinition.travel_result.user_selects_the_student_visa_for_both_the_student_travellers(travel_result.java:32)
	at ✽.user selects the Student Visa for both the student travellers(file:///C:/Users/2304020/eclipse-workspace/final/./featureFile/feature.feature:16)
]]></failure>
    <system-out><![CDATA[
Scenario: Travel Insurance                                                                     # featureFile/feature.feature:5
  Given user is present on policybazaar.com                                                    # stepDefinition.travel.user_is_present_on_policybazaar_com()
  When user clicks on travel insurance option from all the options available on the main page  # stepDefinition.travel.user_clicks_on_travel_insurance_option_from_all_the_options_available_on_the_main_page()
  And user enters the country                                                                  # stepDefinition.travel.user_enters_the_country()
  And user selects the start date and end date of the trip                                     # stepDefinition.travel.user_selects_the_start_date_and_end_date_of_the_trip()
  And user enters the number of Students traveling along with their age                        # stepDefinition.travel.user_enters_the_number_of_students_traveling_along_with_their_age()
  And user enters pre-existing medical condition if any                                        # stepDefinition.travel.user_enters_pre_existing_medical_condition_if_any()
  And user enters mobile number and clicks on submit button                                    # stepDefinition.travel.user_enters_mobile_number_and_clicks_on_submit_button()
[[ChromeDriver: chrome on windows (916b9f4a97e489ca469815be5980f28a)] -> xpath: //*[@id='root']/div/div[1]/div/h2]
  Then user is navigated to results page                                                       # stepDefinition.travel.user_is_navigated_to_results_page()
  When user selects student plan from the filter options                                       # stepDefinition.travel_result.user_selects_student_plan_from_the_filter_options()
  Then Student Travel Information slider page is opened                                        # stepDefinition.travel_result.student_travel_information_slider_page_is_opened()
  When user selects the Student Visa for both the student travellers                           # stepDefinition.travel_result.user_selects_the_student_visa_for_both_the_student_travellers()
      org.openqa.selenium.ElementClickInterceptedException: element click intercepted: Element <input id="Traveller_1" type="checkbox" name="AMT" value="22"> is not clickable at point (1046, 183). Other element would receive the click: <label for="Traveller_1">...</label>
  (Session info: chrome=113.0.5672.93)
Build info: version: '4.15.0', revision: '1d14b5521b'
System info: os.name: 'Windows 11', os.arch: 'amd64', os.version: '10.0', java.version: '17.0.2'
Driver info: org.openqa.selenium.chrome.ChromeDriver
Command: [916b9f4a97e489ca469815be5980f28a, clickElement {id=7A2819631A5E28EBDFDD4C505F9ABD65_element_823}]
Capabilities {acceptInsecureCerts: false, browserName: chrome, browserVersion: 113.0.5672.93, chrome: {chromedriverVersion: 113.0.5672.63 (0e1a4471d5ae..., userDataDir: C:\Program Files (x86)\scop...}, goog:chromeOptions: {debuggerAddress: localhost:54593}, networkConnectionEnabled: false, pageLoadStrategy: normal, platformName: windows, proxy: Proxy(), se:cdp: ws://localhost:54593/devtoo..., se:cdpVersion: 113.0.5672.93, setWindowRect: true, strictFileInteractability: false, timeouts: {implicit: 0, pageLoad: 300000, script: 30000}, unhandledPromptBehavior: dismiss and notify, webauthn:extension:credBlob: true, webauthn:extension:largeBlob: true, webauthn:extension:minPinLength: true, webauthn:extension:prf: true, webauthn:virtualAuthenticators: true}
Element: [[ChromeDriver: chrome on windows (916b9f4a97e489ca469815be5980f28a)] -> xpath: //input[@id='Traveller_1']]
Session ID: 916b9f4a97e489ca469815be5980f28a
	at java.base/jdk.internal.reflect.NativeConstructorAccessorImpl.newInstance0(Native Method)
	at java.base/jdk.internal.reflect.NativeConstructorAccessorImpl.newInstance(NativeConstructorAccessorImpl.java:77)
	at java.base/jdk.internal.reflect.DelegatingConstructorAccessorImpl.newInstance(DelegatingConstructorAccessorImpl.java:45)
	at java.base/java.lang.reflect.Constructor.newInstanceWithCaller(Constructor.java:499)
	at java.base/java.lang.reflect.Constructor.newInstance(Constructor.java:480)
	at org.openqa.selenium.remote.codec.w3c.W3CHttpResponseCodec.createException(W3CHttpResponseCodec.java:200)
	at org.openqa.selenium.remote.codec.w3c.W3CHttpResponseCodec.decode(W3CHttpResponseCodec.java:133)
	at org.openqa.selenium.remote.codec.w3c.W3CHttpResponseCodec.decode(W3CHttpResponseCodec.java:52)
	at org.openqa.selenium.remote.HttpCommandExecutor.execute(HttpCommandExecutor.java:191)
	at org.openqa.selenium.remote.service.DriverCommandExecutor.invokeExecute(DriverCommandExecutor.java:200)
	at org.openqa.selenium.remote.service.DriverCommandExecutor.execute(DriverCommandExecutor.java:175)
	at org.openqa.selenium.remote.RemoteWebDriver.execute(RemoteWebDriver.java:607)
	at org.openqa.selenium.remote.RemoteWebElement.execute(RemoteWebElement.java:224)
	at org.openqa.selenium.remote.RemoteWebElement.click(RemoteWebElement.java:77)
	at java.base/jdk.internal.reflect.NativeMethodAccessorImpl.invoke0(Native Method)
	at java.base/jdk.internal.reflect.NativeMethodAccessorImpl.invoke(NativeMethodAccessorImpl.java:77)
	at java.base/jdk.internal.reflect.DelegatingMethodAccessorImpl.invoke(DelegatingMethodAccessorImpl.java:43)
	at java.base/java.lang.reflect.Method.invoke(Method.java:568)
	at org.openqa.selenium.support.pagefactory.internal.LocatingElementHandler.invoke(LocatingElementHandler.java:51)
	at jdk.proxy2/jdk.proxy2.$Proxy59.click(Unknown Source)
	at pageObject.travelInsurance_result.visaOption(travelInsurance_result.java:95)
	at stepDefinition.travel_result.user_selects_the_student_visa_for_both_the_student_travellers(travel_result.java:32)
	at âœ½.user selects the Student Visa for both the student travellers(file:///C:/Users/2304020/eclipse-workspace/final/./featureFile/feature.feature:16)


    Embedding Travel Insurance [image/png 150226 bytes]

  And user enters the duration of the trip and clicks on apply changes                         # stepDefinition.travel_result.user_enters_the_duration_of_the_trip_and_clicks_on_apply_changes()
  And user selects premium low to high filter from sort by dropdown                            # stepDefinition.travel_result.user_selects_premium_low_to_high_filter_from_sort_by_dropdown()
  Then insurance plans are displayed and top3 cheapest plan names along with their is captured # stepDefinition.travel_result.insurance_plans_are_displayed_and_top3_cheapest_plan_names_along_with_their_is_captured()
  And user is navigated to main page                                                           # stepDefinition.travel_result.user_is_navigated_to_main_page()
]]></system-out>
    <system-err><![CDATA[Feb 27, 2024 3:52:45 PM org.openqa.selenium.devtools.CdpVersionFinder findNearestMatch
WARNING: Unable to find CDP implementation matching 113
Feb 27, 2024 3:52:45 PM org.openqa.selenium.chromium.ChromiumDriver lambda$new$5
WARNING: Unable to find version of CDP to use for 113.0.5672.93. You may need to include a dependency on a specific version of the CDP using something similar to `org.seleniumhq.selenium:selenium-devtools-v86:4.15.0` where the version ("v86") matches the version of the chromium-based browser you're using and the version number of the artifact is the same as Selenium's.
]]></system-err>
  </testcase>
  <testcase name="runScenario[&quot;Car Insurance&quot;, &quot;PolicyBazaar.com&quot;](2)" classname="stepRunner.stepRun" time="23.378">
    <system-out><![CDATA[
Scenario: Car Insurance                                                                    # featureFile/feature.feature:23
  Given user is present on policybazaar.com                                                # stepDefinition.travel.user_is_present_on_policybazaar_com()
  When user clicks on car insurance option from all the options available on the main page # stepDefinition.car.user_clicks_on_car_insurance_option_from_all_the_options_available_on_the_main_page()
  When user clicks on buying a new car option                                              # stepDefinition.car.user_clicks_on_buying_a_new_car_option()
  And user selects the city and car number                                                 # stepDefinition.car.user_selects_the_city_and_car_number()
  And user selects the car brand                                                           # stepDefinition.car.user_selects_the_car_brand()
  And user selects the car model type and other features                                   # stepDefinition.car.user_selects_the_car_model_type_and_other_features()
  And user fills the personal details with invalid email                                   # stepDefinition.car.user_fills_the_personal_details_with_invalid_email()
Error :Please enter a valid e-mail ID.
  Then invalid email error is shown                                                        # stepDefinition.car.invalid_email_error_is_shown()
  And user is navigated to main policybazaar page                                          # stepDefinition.car.user_is_navigated_to_main_policybazaar_page()
]]></system-out>
    <system-err><![CDATA[Feb 27, 2024 3:53:23 PM org.openqa.selenium.devtools.CdpVersionFinder findNearestMatch
WARNING: Unable to find CDP implementation matching 113
Feb 27, 2024 3:53:23 PM org.openqa.selenium.chromium.ChromiumDriver lambda$new$5
WARNING: Unable to find version of CDP to use for 113.0.5672.93. You may need to include a dependency on a specific version of the CDP using something similar to `org.seleniumhq.selenium:selenium-devtools-v86:4.15.0` where the version ("v86") matches the version of the chromium-based browser you're using and the version number of the artifact is the same as Selenium's.
]]></system-err>
  </testcase>
  <testcase name="runScenario[&quot;Health Insurance&quot;, &quot;PolicyBazaar.com&quot;](3)" classname="stepRunner.stepRun" time="11.33">
    <failure message="timeout: Timed out receiving message from renderer: 4.232&#10;  (Session info: chrome=113.0.5672.93)&#10;Build info: version: &apos;4.15.0&apos;, revision: &apos;1d14b5521b&apos;&#10;System info: os.name: &apos;Windows 11&apos;, os.arch: &apos;amd64&apos;, os.version: &apos;10.0&apos;, java.version: &apos;17.0.2&apos;&#10;Driver info: org.openqa.selenium.chrome.ChromeDriver&#10;Command: [a0be5abd4fdc7529017c6b2043d82b64, get {url=https://www.policybazaar.com/}]&#10;Capabilities {acceptInsecureCerts: false, browserName: chrome, browserVersion: 113.0.5672.93, chrome: {chromedriverVersion: 113.0.5672.63 (0e1a4471d5ae..., userDataDir: C:\Program Files (x86)\scop...}, goog:chromeOptions: {debuggerAddress: localhost:54771}, networkConnectionEnabled: false, pageLoadStrategy: normal, platformName: windows, proxy: Proxy(), se:cdp: ws://localhost:54771/devtoo..., se:cdpVersion: 113.0.5672.93, setWindowRect: true, strictFileInteractability: false, timeouts: {implicit: 0, pageLoad: 300000, script: 30000}, unhandledPromptBehavior: dismiss and notify, webauthn:extension:credBlob: true, webauthn:extension:largeBlob: true, webauthn:extension:minPinLength: true, webauthn:extension:prf: true, webauthn:virtualAuthenticators: true}&#10;Session ID: a0be5abd4fdc7529017c6b2043d82b64" type="org.openqa.selenium.TimeoutException"><![CDATA[org.openqa.selenium.TimeoutException: 
timeout: Timed out receiving message from renderer: 4.232
  (Session info: chrome=113.0.5672.93)
Build info: version: '4.15.0', revision: '1d14b5521b'
System info: os.name: 'Windows 11', os.arch: 'amd64', os.version: '10.0', java.version: '17.0.2'
Driver info: org.openqa.selenium.chrome.ChromeDriver
Command: [a0be5abd4fdc7529017c6b2043d82b64, get {url=https://www.policybazaar.com/}]
Capabilities {acceptInsecureCerts: false, browserName: chrome, browserVersion: 113.0.5672.93, chrome: {chromedriverVersion: 113.0.5672.63 (0e1a4471d5ae..., userDataDir: C:\Program Files (x86)\scop...}, goog:chromeOptions: {debuggerAddress: localhost:54771}, networkConnectionEnabled: false, pageLoadStrategy: normal, platformName: windows, proxy: Proxy(), se:cdp: ws://localhost:54771/devtoo..., se:cdpVersion: 113.0.5672.93, setWindowRect: true, strictFileInteractability: false, timeouts: {implicit: 0, pageLoad: 300000, script: 30000}, unhandledPromptBehavior: dismiss and notify, webauthn:extension:credBlob: true, webauthn:extension:largeBlob: true, webauthn:extension:minPinLength: true, webauthn:extension:prf: true, webauthn:virtualAuthenticators: true}
Session ID: a0be5abd4fdc7529017c6b2043d82b64
	at java.base/jdk.internal.reflect.NativeConstructorAccessorImpl.newInstance0(Native Method)
	at java.base/jdk.internal.reflect.NativeConstructorAccessorImpl.newInstance(NativeConstructorAccessorImpl.java:77)
	at java.base/jdk.internal.reflect.DelegatingConstructorAccessorImpl.newInstance(DelegatingConstructorAccessorImpl.java:45)
	at java.base/java.lang.reflect.Constructor.newInstanceWithCaller(Constructor.java:499)
	at java.base/java.lang.reflect.Constructor.newInstance(Constructor.java:480)
	at org.openqa.selenium.remote.codec.w3c.W3CHttpResponseCodec.createException(W3CHttpResponseCodec.java:200)
	at org.openqa.selenium.remote.codec.w3c.W3CHttpResponseCodec.decode(W3CHttpResponseCodec.java:133)
	at org.openqa.selenium.remote.codec.w3c.W3CHttpResponseCodec.decode(W3CHttpResponseCodec.java:52)
	at org.openqa.selenium.remote.HttpCommandExecutor.execute(HttpCommandExecutor.java:191)
	at org.openqa.selenium.remote.service.DriverCommandExecutor.invokeExecute(DriverCommandExecutor.java:200)
	at org.openqa.selenium.remote.service.DriverCommandExecutor.execute(DriverCommandExecutor.java:175)
	at org.openqa.selenium.remote.RemoteWebDriver.execute(RemoteWebDriver.java:607)
	at org.openqa.selenium.remote.RemoteWebDriver.get(RemoteWebDriver.java:309)
	at stepDefinition.hooks.setup(hooks.java:22)
]]></failure>
    <system-out><![CDATA[
Scenario: Health Insurance                                  # featureFile/feature.feature:34
      org.openqa.selenium.TimeoutException: timeout: Timed out receiving message from renderer: 4.232
  (Session info: chrome=113.0.5672.93)
Build info: version: '4.15.0', revision: '1d14b5521b'
System info: os.name: 'Windows 11', os.arch: 'amd64', os.version: '10.0', java.version: '17.0.2'
Driver info: org.openqa.selenium.chrome.ChromeDriver
Command: [a0be5abd4fdc7529017c6b2043d82b64, get {url=https://www.policybazaar.com/}]
Capabilities {acceptInsecureCerts: false, browserName: chrome, browserVersion: 113.0.5672.93, chrome: {chromedriverVersion: 113.0.5672.63 (0e1a4471d5ae..., userDataDir: C:\Program Files (x86)\scop...}, goog:chromeOptions: {debuggerAddress: localhost:54771}, networkConnectionEnabled: false, pageLoadStrategy: normal, platformName: windows, proxy: Proxy(), se:cdp: ws://localhost:54771/devtoo..., se:cdpVersion: 113.0.5672.93, setWindowRect: true, strictFileInteractability: false, timeouts: {implicit: 0, pageLoad: 300000, script: 30000}, unhandledPromptBehavior: dismiss and notify, webauthn:extension:credBlob: true, webauthn:extension:largeBlob: true, webauthn:extension:minPinLength: true, webauthn:extension:prf: true, webauthn:virtualAuthenticators: true}
Session ID: a0be5abd4fdc7529017c6b2043d82b64
	at java.base/jdk.internal.reflect.NativeConstructorAccessorImpl.newInstance0(Native Method)
	at java.base/jdk.internal.reflect.NativeConstructorAccessorImpl.newInstance(NativeConstructorAccessorImpl.java:77)
	at java.base/jdk.internal.reflect.DelegatingConstructorAccessorImpl.newInstance(DelegatingConstructorAccessorImpl.java:45)
	at java.base/java.lang.reflect.Constructor.newInstanceWithCaller(Constructor.java:499)
	at java.base/java.lang.reflect.Constructor.newInstance(Constructor.java:480)
	at org.openqa.selenium.remote.codec.w3c.W3CHttpResponseCodec.createException(W3CHttpResponseCodec.java:200)
	at org.openqa.selenium.remote.codec.w3c.W3CHttpResponseCodec.decode(W3CHttpResponseCodec.java:133)
	at org.openqa.selenium.remote.codec.w3c.W3CHttpResponseCodec.decode(W3CHttpResponseCodec.java:52)
	at org.openqa.selenium.remote.HttpCommandExecutor.execute(HttpCommandExecutor.java:191)
	at org.openqa.selenium.remote.service.DriverCommandExecutor.invokeExecute(DriverCommandExecutor.java:200)
	at org.openqa.selenium.remote.service.DriverCommandExecutor.execute(DriverCommandExecutor.java:175)
	at org.openqa.selenium.remote.RemoteWebDriver.execute(RemoteWebDriver.java:607)
	at org.openqa.selenium.remote.RemoteWebDriver.get(RemoteWebDriver.java:309)
	at stepDefinition.hooks.setup(hooks.java:22)

  Given user is present on policybazaar.com                 # stepDefinition.travel.user_is_present_on_policybazaar_com()
  When user hovers over the insurance plans on main page    # stepDefinition.health.user_hovers_over_the_insurance_plans_on_main_page()
  And finds health insurance option from the list           # stepDefinition.health.finds_health_insurance_option_from_the_list()
  Then all the options under health insurance are displayed # stepDefinition.health.all_the_options_under_health_insurance_are_displayed()
]]></system-out>
    <system-err><![CDATA[Feb 27, 2024 3:53:47 PM org.openqa.selenium.devtools.CdpVersionFinder findNearestMatch
WARNING: Unable to find CDP implementation matching 113
Feb 27, 2024 3:53:47 PM org.openqa.selenium.chromium.ChromiumDriver lambda$new$5
WARNING: Unable to find version of CDP to use for 113.0.5672.93. You may need to include a dependency on a specific version of the CDP using something similar to `org.seleniumhq.selenium:selenium-devtools-v86:4.15.0` where the version ("v86") matches the version of the chromium-based browser you're using and the version number of the artifact is the same as Selenium's.
]]></system-err>
  </testcase>
</testsuite>